<?xml version="1.0" encoding="UTF-8"?>
<!-- Generated by org.testng.reporters.JUnitReportReporter -->
<testsuite hostname="MSMs-MacBook-Pro.local" name="com.hubspot.tests.HomePageTest" tests="1" failures="0" timestamp="26 Mar 2020 02:19:36 GMT" time="20.265" errors="0">
  <testcase name="gotoContactsPage" time="20.265" classname="com.hubspot.tests.HomePageTest"/>
</testsuite> <!-- com.hubspot.tests.HomePageTest -->
