<?xml version="1.0" encoding="UTF-8"?>
<!-- Generated by org.testng.reporters.JUnitReportReporter -->
<testsuite hostname="MSMs-MacBook-Pro.local" name="com.hubspot.tests.LoginPageTest" tests="4" failures="0" timestamp="26 Mar 2020 01:41:10 GMT" time="33.700" errors="0">
  <testcase name="loginTest1" time="9.757" classname="com.hubspot.tests.LoginPageTest"/>
  <testcase name="loginTest2" time="7.574" classname="com.hubspot.tests.LoginPageTest"/>
  <testcase name="getTitle" time="8.817" classname="com.hubspot.tests.LoginPageTest"/>
  <testcase name="loginTest3" time="7.552" classname="com.hubspot.tests.LoginPageTest"/>
</testsuite> <!-- com.hubspot.tests.LoginPageTest -->
