<?xml version="1.0" encoding="UTF-8"?>
<!-- Generated by org.testng.reporters.JUnitReportReporter -->
<testsuite hostname="MSMs-MacBook-Pro.local" name="com.hubspot.tests.LoginPFTest" tests="1" failures="0" timestamp="12 Apr 2020 13:27:37 GMT" time="9.593" errors="0">
  <testcase name="loginTest" time="9.593" classname="com.hubspot.tests.LoginPFTest"/>
</testsuite> <!-- com.hubspot.tests.LoginPFTest -->
